<?xml version="1.0" encoding="utf-8"?><testsuites name="pytest tests"><testsuite name="pytest" errors="0" failures="0" skipped="0" tests="17" time="3.041" timestamp="2026-08-23T22:48:59.084764+05:30" hostname="karan_gpu"><testcase classname="tests.test_api" name="test_low_risk_booking_is_approved" time="0.361" /><testcase classname="tests.test_api" name="test_multiple_payment_signals_require_review" time="0.026" /><testcase classname="tests.test_api" name="test_blocklisted_payment_is_blocked" time="0.021" /><testcase classname="tests.test_api" name="test_invalid_history_is_rejected" time="0.004" /><testcase classname="tests.test_api" name="test_model_metadata_discloses_synthetic_source" time="0.006" /><testcase classname="tests.test_api" name="test_detective_graph_is_labeled_as_demo_data" time="0.004" /><testcase classname="tests.test_api" name="test_analyst_brief_uses_offline_evidence_without_key" time="0.027" /><testcase classname="tests.test_api" name="test_local_vite_origin_is_allowed_by_cors" time="0.003" /><testcase classname="tests.test_api" name="test_inventory_abuse_signals_block_without_payment_risk" time="0.020" /><testcase classname="tests.test_api" name="test_bot_telemetry_is_separate_from_payment_fraud" time="0.022" /><testcase classname="tests.test_api" name="test_lowercase_country_code_is_rejected" time="0.003" /><testcase classname="tests.test_api" name="test_zero_seats_is_rejected" time="0.004" /><testcase classname="tests.test_api" name="test_negative_history_count_is_rejected" time="0.003" /><testcase classname="tests.test_model_pipeline" name="test_synthetic_generation_is_reproducible" time="0.011" /><testcase classname="tests.test_model_pipeline" name="test_model_features_exclude_time_and_labels" time="0.001" /><testcase classname="tests.test_model_pipeline" name="test_saved_metadata_matches_artifacts" time="0.001" /><testcase classname="tests.test_model_pipeline" name="test_reported_metrics_are_bounded_and_confusion_counts_match_test_size" time="0.001" /></testsuite></testsuites>